<?xml version="1.0" encoding="UTF-8"?>
<testng-results ignored="0" total="1" passed="1" failed="0" skipped="0">
  <reporter-output>
  </reporter-output>
  <suite started-at="2023-05-16T11:33:27 IST" name="Default suite" finished-at="2023-05-16T11:33:38 IST" duration-ms="11562">
    <groups>
    </groups>
    <test started-at="2023-05-16T11:33:27 IST" name="Default test" finished-at="2023-05-16T11:33:38 IST" duration-ms="11562">
      <class name="testcase.Assertion">
        <test-method is-config="true" signature="browser()[pri:0, instance:testcase.Assertion@703580bf]" started-at="2023-05-16T11:33:27 IST" name="browser" finished-at="2023-05-16T11:33:35 IST" duration-ms="8619" status="PASS">
          <reporter-output>
          </reporter-output>
        </test-method> <!-- browser -->
        <test-method signature="validateData()[pri:0, instance:testcase.Assertion@703580bf]" started-at="2023-05-16T11:33:35 IST" name="validateData" finished-at="2023-05-16T11:33:38 IST" duration-ms="2786" status="PASS">
          <reporter-output>
          </reporter-output>
        </test-method> <!-- validateData -->
        <test-method is-config="true" signature="quitBrowser()[pri:0, instance:testcase.Assertion@703580bf]" started-at="2023-05-16T11:33:38 IST" name="quitBrowser" finished-at="2023-05-16T11:33:38 IST" duration-ms="108" status="PASS">
          <reporter-output>
          </reporter-output>
        </test-method> <!-- quitBrowser -->
      </class> <!-- testcase.Assertion -->
    </test> <!-- Default test -->
  </suite> <!-- Default suite -->
</testng-results>
